Reading lib "core" at "https://github.com/mongoose-os-libs/core"...
Reading lib "captive-portal-wifi-rpc" at "https://github.com/tripflex/captive-portal-wifi-rpc"...
core: Does not exist, cloning from "https://github.com/mongoose-os-libs/core"...
captive-portal-wifi-rpc: Does not exist, cloning from "https://github.com/tripflex/captive-portal-wifi-rpc"...
core: Checking out 2.20.0...
core: Done, hash 9cbb8437919696a4a8779ebb4d0cd78d99890ac6
core: Hash is updated:  -> 9cbb8437919696a4a8779ebb4d0cd78d99890ac6
core: Prepared local dir: "/data/fwbuild-volumes/2.20.0/apps/captive-portal-wifi-web/esp8266/build_contexts/build_ctx_389433447/deps/core"
Handling lib "core" at "https://github.com/mongoose-os-libs/core"...
WARNING: the lib "captive-portal-wifi-rpc" does not have version 2.20.0. Resorting to latest, but the build might fail.
It usually happens if you clone the latest version of some example app, and try to build it with the mos tool which is older than the lib (in this case, "captive-portal-wifi-rpc").
Consider using the version 2.20.0 of the app (git checkout 2.20.0), or using latest mos tool (mos update latest).
captive-portal-wifi-rpc: Checking out master...
captive-portal-wifi-rpc: Done, hash 34a0c69c49a21a55ebee3d277c5353e0ac033bc2
captive-portal-wifi-rpc: Hash unchanged at 34a0c69c49a21a55ebee3d277c5353e0ac033bc2 (dir "/data/fwbuild-volumes/2.20.0/apps/captive-portal-wifi-web/esp8266/build_contexts/build_ctx_389433447/deps/captive-portal-wifi-rpc")
captive-portal-wifi-rpc: Prepared local dir: "/data/fwbuild-volumes/2.20.0/apps/captive-portal-wifi-web/esp8266/build_contexts/build_ctx_389433447/deps/captive-portal-wifi-rpc"
Handling lib "captive-portal-wifi-rpc" at "https://github.com/tripflex/captive-portal-wifi-rpc"...
Reading lib "mongoose" at "https://github.com/mongoose-os-libs/mongoose"...
mongoose: Does not exist, cloning from "https://github.com/mongoose-os-libs/mongoose"...
mongoose: Checking out 2.20.0...
mongoose: Done, hash 24f3c520fdfd5d7c33ff2734d4be42aab75107e9
mongoose: Hash is updated:  -> 24f3c520fdfd5d7c33ff2734d4be42aab75107e9
mongoose: Prepared local dir: "/data/fwbuild-volumes/2.20.0/apps/captive-portal-wifi-web/esp8266/build_contexts/build_ctx_389433447/deps/mongoose"
Handling lib "mongoose" at "https://github.com/mongoose-os-libs/mongoose"...
Reading lib "captive-portal-wifi-setup" at "https://github.com/tripflex/captive-portal-wifi-setup"...
Reading lib "wifi" at "https://github.com/mongoose-os-libs/wifi"...
Reading lib "rpc-common" at "https://github.com/mongoose-os-libs/rpc-common"...
captive-portal-wifi-setup: Does not exist, cloning from "https://github.com/tripflex/captive-portal-wifi-setup"...
wifi: Does not exist, cloning from "https://github.com/mongoose-os-libs/wifi"...
rpc-common: Does not exist, cloning from "https://github.com/mongoose-os-libs/rpc-common"...
rpc-common: Checking out 2.20.0...
wifi: Checking out 2.20.0...
rpc-common: Done, hash 9f25f5900c1ac39eaa79e5e30c679de502eb1953
rpc-common: Hash is updated:  -> 9f25f5900c1ac39eaa79e5e30c679de502eb1953
rpc-common: Prepared local dir: "/data/fwbuild-volumes/2.20.0/apps/captive-portal-wifi-web/esp8266/build_contexts/build_ctx_389433447/deps/rpc-common"
wifi: Done, hash 51febec3070cd40a6ce8aa18e76cc4bb20101149
wifi: Hash is updated:  -> 51febec3070cd40a6ce8aa18e76cc4bb20101149
wifi: Prepared local dir: "/data/fwbuild-volumes/2.20.0/apps/captive-portal-wifi-web/esp8266/build_contexts/build_ctx_389433447/deps/wifi"
Handling lib "rpc-common" at "https://github.com/mongoose-os-libs/rpc-common"...
Handling lib "wifi" at "https://github.com/mongoose-os-libs/wifi"...
WARNING: the lib "captive-portal-wifi-setup" does not have version 2.20.0. Resorting to latest, but the build might fail.
It usually happens if you clone the latest version of some example app, and try to build it with the mos tool which is older than the lib (in this case, "captive-portal-wifi-setup").
Consider using the version 2.20.0 of the app (git checkout 2.20.0), or using latest mos tool (mos update latest).
captive-portal-wifi-setup: Checking out master...
captive-portal-wifi-setup: Done, hash 82799bf1df0beadd5ff233202c5b1f73b9f8767a
captive-portal-wifi-setup: Hash unchanged at 82799bf1df0beadd5ff233202c5b1f73b9f8767a (dir "/data/fwbuild-volumes/2.20.0/apps/captive-portal-wifi-web/esp8266/build_contexts/build_ctx_389433447/deps/captive-portal-wifi-setup")
captive-portal-wifi-setup: Prepared local dir: "/data/fwbuild-volumes/2.20.0/apps/captive-portal-wifi-web/esp8266/build_contexts/build_ctx_389433447/deps/captive-portal-wifi-setup"
Handling lib "captive-portal-wifi-setup" at "https://github.com/tripflex/captive-portal-wifi-setup"...
Reading lib "vfs-common" at "https://github.com/mongoose-os-libs/vfs-common"...
Reading lib "mbedtls" at "https://github.com/mongoose-os-libs/mbedtls"...
vfs-common: Does not exist, cloning from "https://github.com/mongoose-os-libs/vfs-common"...
mbedtls: Does not exist, cloning from "https://github.com/mongoose-os-libs/mbedtls"...
vfs-common: Checking out 2.20.0...
vfs-common: Done, hash 23525d042fe865dbc8088513f510e26c62ae4800
vfs-common: Hash is updated:  -> 23525d042fe865dbc8088513f510e26c62ae4800
vfs-common: Prepared local dir: "/data/fwbuild-volumes/2.20.0/apps/captive-portal-wifi-web/esp8266/build_contexts/build_ctx_389433447/deps/vfs-common"
Handling lib "vfs-common" at "https://github.com/mongoose-os-libs/vfs-common"...
mbedtls: Checking out 2.20.0...
mbedtls: Done, hash 9971208d45aed1aec5b9e064145c3c8a7bb180f8
mbedtls: Hash is updated:  -> 9971208d45aed1aec5b9e064145c3c8a7bb180f8
mbedtls: Prepared local dir: "/data/fwbuild-volumes/2.20.0/apps/captive-portal-wifi-web/esp8266/build_contexts/build_ctx_389433447/deps/mbedtls"
Handling lib "mbedtls" at "https://github.com/mongoose-os-libs/mbedtls"...
Lib "mongoose" at "https://github.com/mongoose-os-libs/mongoose": already handled...
Lib "wifi" at "https://github.com/mongoose-os-libs/wifi": already handled...
Reading lib "lwip" at "https://github.com/mongoose-os-libs/lwip"...
lwip: Does not exist, cloning from "https://github.com/mongoose-os-libs/lwip"...
lwip: Checking out 2.20.0...
lwip: Done, hash 417e07ea1b5d37f59428caee93b6730798090460
lwip: Hash is updated:  -> 417e07ea1b5d37f59428caee93b6730798090460
lwip: Prepared local dir: "/data/fwbuild-volumes/2.20.0/apps/captive-portal-wifi-web/esp8266/build_contexts/build_ctx_389433447/deps/lwip"
Handling lib "lwip" at "https://github.com/mongoose-os-libs/lwip"...
Reading lib "vfs-fs-spiffs" at "https://github.com/mongoose-os-libs/vfs-fs-spiffs"...
Reading lib "vfs-dev-part" at "https://github.com/mongoose-os-libs/vfs-dev-part"...
Reading lib "vfs-fs-lfs" at "https://github.com/mongoose-os-libs/vfs-fs-lfs"...
vfs-dev-part: Does not exist, cloning from "https://github.com/mongoose-os-libs/vfs-dev-part"...
vfs-fs-spiffs: Does not exist, cloning from "https://github.com/mongoose-os-libs/vfs-fs-spiffs"...
vfs-fs-lfs: Does not exist, cloning from "https://github.com/mongoose-os-libs/vfs-fs-lfs"...
vfs-dev-part: Checking out 2.20.0...
vfs-dev-part: Done, hash 0fb3ae262f50f4847bcc487d7f1101e89e1656ed
vfs-dev-part: Hash is updated:  -> 0fb3ae262f50f4847bcc487d7f1101e89e1656ed
vfs-dev-part: Prepared local dir: "/data/fwbuild-volumes/2.20.0/apps/captive-portal-wifi-web/esp8266/build_contexts/build_ctx_389433447/deps/vfs-dev-part"
Handling lib "vfs-dev-part" at "https://github.com/mongoose-os-libs/vfs-dev-part"...
vfs-fs-spiffs: Checking out 2.20.0...
vfs-fs-spiffs: Done, hash 0c1d9d07a4bf900f08ca4a250e29e7f5931301c5
vfs-fs-spiffs: Hash is updated:  -> 0c1d9d07a4bf900f08ca4a250e29e7f5931301c5
vfs-fs-spiffs: Prepared local dir: "/data/fwbuild-volumes/2.20.0/apps/captive-portal-wifi-web/esp8266/build_contexts/build_ctx_389433447/deps/vfs-fs-spiffs"
Handling lib "vfs-fs-spiffs" at "https://github.com/mongoose-os-libs/vfs-fs-spiffs"...
vfs-fs-lfs: Checking out 2.20.0...
vfs-fs-lfs: Done, hash b611462e03d431f9541f50763b3153552db81861
vfs-fs-lfs: Hash is updated:  -> b611462e03d431f9541f50763b3153552db81861
vfs-fs-lfs: Prepared local dir: "/data/fwbuild-volumes/2.20.0/apps/captive-portal-wifi-web/esp8266/build_contexts/build_ctx_389433447/deps/vfs-fs-lfs"
Handling lib "vfs-fs-lfs" at "https://github.com/mongoose-os-libs/vfs-fs-lfs"...
Lib "vfs-common" at "https://github.com/mongoose-os-libs/vfs-common": already handled...
Lib "vfs-common" at "https://github.com/mongoose-os-libs/vfs-common": already handled...
Lib "vfs-common" at "https://github.com/mongoose-os-libs/vfs-common": already handled...
mongoose-os: Going to fetch module from https://github.com/cesanta/mongoose-os
mongoose-os: Does not exist, cloning from "https://github.com/cesanta/mongoose-os"...
mongoose-os: Checking out 2.20.0...
mongoose-os: Done, hash 1885c0fdb1302f3c9ddfbedd84351d7662fbf183
mbedtls_module: Going to fetch module from https://github.com/mongoose-os/mbedtls
mbedtls_module: Does not exist, cloning from "https://github.com/mongoose-os/mbedtls"...
mbedtls_module: Checking out 2.16.11-cesanta1...
mbedtls_module: Pulling...
mbedtls_module: Done, hash 74d761821fd23ea220eb552ece941908c2f48a39
Sources: []
Include dirs: [/data/fwbuild-volumes/2.20.0/apps/captive-portal-wifi-web/esp8266/build_contexts/build_ctx_389433447/deps/lwip/src/esp8266/sdk_lwip/include /data/fwbuild-volumes/2.20.0/apps/captive-portal-wifi-web/esp8266/build_contexts/build_ctx_389433447/deps/wifi/include /data/fwbuild-volumes/2.20.0/apps/captive-portal-wifi-web/esp8266/build_contexts/build_ctx_389433447/deps/wifi/include/esp8266 /data/fwbuild-volumes/2.20.0/apps/captive-portal-wifi-web/esp8266/build_contexts/build_ctx_389433447/deps/captive-portal-wifi-setup/include /data/fwbuild-volumes/2.20.0/apps/captive-portal-wifi-web/esp8266/build_contexts/build_ctx_389433447/deps/mbedtls/include /data/fwbuild-volumes/2.20.0/apps/captive-portal-wifi-web/esp8266/build_contexts/build_ctx_389433447/deps/mbedtls/include/esp8266 /data/fwbuild-volumes/2.20.0/apps/captive-portal-wifi-web/esp8266/build_contexts/build_ctx_389433447/deps/modules/mbedtls/include /data/fwbuild-volumes/2.20.0/apps/captive-portal-wifi-web/esp8266/build_contexts/build_ctx_389433447/deps/vfs-common/include /data/fwbuild-volumes/2.20.0/apps/captive-portal-wifi-web/esp8266/build_contexts/build_ctx_389433447/deps/vfs-common/include/esp8266 /data/fwbuild-volumes/2.20.0/apps/captive-portal-wifi-web/esp8266/build_contexts/build_ctx_389433447/deps/mongoose/include /data/fwbuild-volumes/2.20.0/apps/captive-portal-wifi-web/esp8266/build_contexts/build_ctx_389433447/deps/rpc-common/include /data/fwbuild-volumes/2.20.0/apps/captive-portal-wifi-web/esp8266/build_contexts/build_ctx_389433447/deps/captive-portal-wifi-rpc/include /data/fwbuild-volumes/2.20.0/apps/captive-portal-wifi-web/esp8266/build_contexts/build_ctx_389433447/deps/vfs-dev-part/include /data/fwbuild-volumes/2.20.0/apps/captive-portal-wifi-web/esp8266/build_contexts/build_ctx_389433447/deps/vfs-fs-lfs/include /data/fwbuild-volumes/2.20.0/apps/captive-portal-wifi-web/esp8266/build_contexts/build_ctx_389433447/deps/vfs-fs-lfs/littlefs /data/fwbuild-volumes/2.20.0/apps/captive-portal-wifi-web/esp8266/build_contexts/build_ctx_389433447/deps/vfs-fs-lfs/littlefs1 /data/fwbuild-volumes/2.20.0/apps/captive-portal-wifi-web/esp8266/build_contexts/build_ctx_389433447/deps/vfs-fs-spiffs/include /data/fwbuild-volumes/2.20.0/apps/captive-portal-wifi-web/esp8266/build_contexts/build_ctx_389433447/deps/vfs-fs-spiffs/include/spiffs /data/fwbuild-volumes/2.20.0/apps/captive-portal-wifi-web/esp8266/build_contexts/build_ctx_389433447/deps/vfs-fs-spiffs/include/esp8266 /data/fwbuild-volumes/2.20.0/apps/captive-portal-wifi-web/esp8266/build_contexts/build_ctx_389433447/deps/core/include /data/fwbuild-volumes/2.20.0/apps/captive-portal-wifi-web/esp8266/build_contexts/build_ctx_389433447/deps/core/include/esp8266]
Binary libs: []
Building captive-portal-wifi-web...
mount from "/data/fwbuild-volumes/2.20.0/apps/captive-portal-wifi-web/esp8266/build_contexts/build_ctx_389433447" to "/app"
mount from "/data/fwbuild-volumes/2.20.0/apps/captive-portal-wifi-web/esp8266/build_contexts/build_ctx_389433447/deps/modules/mongoose-os" to "/mongoose-os"
mount from "/data/fwbuild-volumes/2.20.0/apps/captive-portal-wifi-web/esp8266/build_contexts/build_ctx_389433447/deps/modules/mongoose-os" to "/data/fwbuild-volumes/2.20.0/apps/captive-portal-wifi-web/esp8266/build_contexts/build_ctx_389433447/deps/modules/mongoose-os"
mount from "/data/fwbuild-volumes/2.20.0/apps/captive-portal-wifi-web/esp8266/build_contexts/build_ctx_389433447/build" to "/data/fwbuild-volumes/2.20.0/apps/captive-portal-wifi-web/esp8266/build_contexts/build_ctx_389433447/build"
mount from "/data/fwbuild-volumes/2.20.0/apps/captive-portal-wifi-web/esp8266/build_contexts/build_ctx_389433447/deps/lwip/src/esp8266/sdk_lwip/include" to "/data/fwbuild-volumes/2.20.0/apps/captive-portal-wifi-web/esp8266/build_contexts/build_ctx_389433447/deps/lwip/src/esp8266/sdk_lwip/include"
mount from "/data/fwbuild-volumes/2.20.0/apps/captive-portal-wifi-web/esp8266/build_contexts/build_ctx_389433447/deps/wifi/include" to "/data/fwbuild-volumes/2.20.0/apps/captive-portal-wifi-web/esp8266/build_contexts/build_ctx_389433447/deps/wifi/include"
mount from "/data/fwbuild-volumes/2.20.0/apps/captive-portal-wifi-web/esp8266/build_contexts/build_ctx_389433447/deps/captive-portal-wifi-setup/include" to "/data/fwbuild-volumes/2.20.0/apps/captive-portal-wifi-web/esp8266/build_contexts/build_ctx_389433447/deps/captive-portal-wifi-setup/include"
mount from "/data/fwbuild-volumes/2.20.0/apps/captive-portal-wifi-web/esp8266/build_contexts/build_ctx_389433447/deps/mbedtls/include" to "/data/fwbuild-volumes/2.20.0/apps/captive-portal-wifi-web/esp8266/build_contexts/build_ctx_389433447/deps/mbedtls/include"
mount from "/data/fwbuild-volumes/2.20.0/apps/captive-portal-wifi-web/esp8266/build_contexts/build_ctx_389433447/deps/mbedtls/include/esp8266" to "/data/fwbuild-volumes/2.20.0/apps/captive-portal-wifi-web/esp8266/build_contexts/build_ctx_389433447/deps/mbedtls/include/esp8266"
mount from "/data/fwbuild-volumes/2.20.0/apps/captive-portal-wifi-web/esp8266/build_contexts/build_ctx_389433447/deps/modules/mbedtls/include" to "/data/fwbuild-volumes/2.20.0/apps/captive-portal-wifi-web/esp8266/build_contexts/build_ctx_389433447/deps/modules/mbedtls/include"
mount from "/data/fwbuild-volumes/2.20.0/apps/captive-portal-wifi-web/esp8266/build_contexts/build_ctx_389433447/deps/vfs-common/include" to "/data/fwbuild-volumes/2.20.0/apps/captive-portal-wifi-web/esp8266/build_contexts/build_ctx_389433447/deps/vfs-common/include"
mount from "/data/fwbuild-volumes/2.20.0/apps/captive-portal-wifi-web/esp8266/build_contexts/build_ctx_389433447/deps/vfs-common/include/esp8266" to "/data/fwbuild-volumes/2.20.0/apps/captive-portal-wifi-web/esp8266/build_contexts/build_ctx_389433447/deps/vfs-common/include/esp8266"
mount from "/data/fwbuild-volumes/2.20.0/apps/captive-portal-wifi-web/esp8266/build_contexts/build_ctx_389433447/deps/mongoose/include" to "/data/fwbuild-volumes/2.20.0/apps/captive-portal-wifi-web/esp8266/build_contexts/build_ctx_389433447/deps/mongoose/include"
mount from "/data/fwbuild-volumes/2.20.0/apps/captive-portal-wifi-web/esp8266/build_contexts/build_ctx_389433447/deps/rpc-common/include" to "/data/fwbuild-volumes/2.20.0/apps/captive-portal-wifi-web/esp8266/build_contexts/build_ctx_389433447/deps/rpc-common/include"
mount from "/data/fwbuild-volumes/2.20.0/apps/captive-portal-wifi-web/esp8266/build_contexts/build_ctx_389433447/deps/captive-portal-wifi-rpc/include" to "/data/fwbuild-volumes/2.20.0/apps/captive-portal-wifi-web/esp8266/build_contexts/build_ctx_389433447/deps/captive-portal-wifi-rpc/include"
mount from "/data/fwbuild-volumes/2.20.0/apps/captive-portal-wifi-web/esp8266/build_contexts/build_ctx_389433447/deps/vfs-dev-part/include" to "/data/fwbuild-volumes/2.20.0/apps/captive-portal-wifi-web/esp8266/build_contexts/build_ctx_389433447/deps/vfs-dev-part/include"
mount from "/data/fwbuild-volumes/2.20.0/apps/captive-portal-wifi-web/esp8266/build_contexts/build_ctx_389433447/deps/vfs-fs-lfs/include" to "/data/fwbuild-volumes/2.20.0/apps/captive-portal-wifi-web/esp8266/build_contexts/build_ctx_389433447/deps/vfs-fs-lfs/include"
mount from "/data/fwbuild-volumes/2.20.0/apps/captive-portal-wifi-web/esp8266/build_contexts/build_ctx_389433447/deps/vfs-fs-lfs/littlefs" to "/data/fwbuild-volumes/2.20.0/apps/captive-portal-wifi-web/esp8266/build_contexts/build_ctx_389433447/deps/vfs-fs-lfs/littlefs"
mount from "/data/fwbuild-volumes/2.20.0/apps/captive-portal-wifi-web/esp8266/build_contexts/build_ctx_389433447/deps/vfs-fs-lfs/littlefs1" to "/data/fwbuild-volumes/2.20.0/apps/captive-portal-wifi-web/esp8266/build_contexts/build_ctx_389433447/deps/vfs-fs-lfs/littlefs1"
mount from "/data/fwbuild-volumes/2.20.0/apps/captive-portal-wifi-web/esp8266/build_contexts/build_ctx_389433447/deps/vfs-fs-spiffs/include" to "/data/fwbuild-volumes/2.20.0/apps/captive-portal-wifi-web/esp8266/build_contexts/build_ctx_389433447/deps/vfs-fs-spiffs/include"
mount from "/data/fwbuild-volumes/2.20.0/apps/captive-portal-wifi-web/esp8266/build_contexts/build_ctx_389433447/deps/vfs-fs-spiffs/include/spiffs" to "/data/fwbuild-volumes/2.20.0/apps/captive-portal-wifi-web/esp8266/build_contexts/build_ctx_389433447/deps/vfs-fs-spiffs/include/spiffs"
mount from "/data/fwbuild-volumes/2.20.0/apps/captive-portal-wifi-web/esp8266/build_contexts/build_ctx_389433447/deps/vfs-fs-spiffs/include/esp8266" to "/data/fwbuild-volumes/2.20.0/apps/captive-portal-wifi-web/esp8266/build_contexts/build_ctx_389433447/deps/vfs-fs-spiffs/include/esp8266"
mount from "/data/fwbuild-volumes/2.20.0/apps/captive-portal-wifi-web/esp8266/build_contexts/build_ctx_389433447/deps/core/include" to "/data/fwbuild-volumes/2.20.0/apps/captive-portal-wifi-web/esp8266/build_contexts/build_ctx_389433447/deps/core/include"
mount from "/data/fwbuild-volumes/2.20.0/apps/captive-portal-wifi-web/esp8266/build_contexts/build_ctx_389433447/deps/core/include/esp8266" to "/data/fwbuild-volumes/2.20.0/apps/captive-portal-wifi-web/esp8266/build_contexts/build_ctx_389433447/deps/core/include/esp8266"
mount from "/data/fwbuild-volumes/2.20.0/apps/captive-portal-wifi-web/esp8266/build_contexts/build_ctx_389433447/build/gen" to "/data/fwbuild-volumes/2.20.0/apps/captive-portal-wifi-web/esp8266/build_contexts/build_ctx_389433447/build/gen"
Docker arguments: run --name mos_build_2022-09-14T20-05-10-00_7123714649222725725 --rm -i -v /data/fwbuild-volumes/2.20.0/apps/captive-portal-wifi-web/esp8266/build_contexts/build_ctx_389433447/deps/vfs-fs-lfs/littlefs:/data/fwbuild-volumes/2.20.0/apps/captive-portal-wifi-web/esp8266/build_contexts/build_ctx_389433447/deps/vfs-fs-lfs/littlefs -v /data/fwbuild-volumes/2.20.0/apps/captive-portal-wifi-web/esp8266/build_contexts/build_ctx_389433447/deps/core/include/esp8266:/data/fwbuild-volumes/2.20.0/apps/captive-portal-wifi-web/esp8266/build_contexts/build_ctx_389433447/deps/core/include/esp8266 -v /data/fwbuild-volumes/2.20.0/apps/captive-portal-wifi-web/esp8266/build_contexts/build_ctx_389433447:/app -v /data/fwbuild-volumes/2.20.0/apps/captive-portal-wifi-web/esp8266/build_contexts/build_ctx_389433447/build:/data/fwbuild-volumes/2.20.0/apps/captive-portal-wifi-web/esp8266/build_contexts/build_ctx_389433447/build -v /data/fwbuild-volumes/2.20.0/apps/captive-portal-wifi-web/esp8266/build_contexts/build_ctx_389433447/deps/wifi/include:/data/fwbuild-volumes/2.20.0/apps/captive-portal-wifi-web/esp8266/build_contexts/build_ctx_389433447/deps/wifi/include -v /data/fwbuild-volumes/2.20.0/apps/captive-portal-wifi-web/esp8266/build_contexts/build_ctx_389433447/deps/vfs-common/include:/data/fwbuild-volumes/2.20.0/apps/captive-portal-wifi-web/esp8266/build_contexts/build_ctx_389433447/deps/vfs-common/include -v /data/fwbuild-volumes/2.20.0/apps/captive-portal-wifi-web/esp8266/build_contexts/build_ctx_389433447/deps/vfs-dev-part/include:/data/fwbuild-volumes/2.20.0/apps/captive-portal-wifi-web/esp8266/build_contexts/build_ctx_389433447/deps/vfs-dev-part/include -v /data/fwbuild-volumes/2.20.0/apps/captive-portal-wifi-web/esp8266/build_contexts/build_ctx_389433447/deps/vfs-fs-spiffs/include/spiffs:/data/fwbuild-volumes/2.20.0/apps/captive-portal-wifi-web/esp8266/build_contexts/build_ctx_389433447/deps/vfs-fs-spiffs/include/spiffs -v /data/fwbuild-volumes/2.20.0/apps/captive-portal-wifi-web/esp8266/build_contexts/build_ctx_389433447/deps/vfs-fs-spiffs/include/esp8266:/data/fwbuild-volumes/2.20.0/apps/captive-portal-wifi-web/esp8266/build_contexts/build_ctx_389433447/deps/vfs-fs-spiffs/include/esp8266 -v /data/fwbuild-volumes/2.20.0/apps/captive-portal-wifi-web/esp8266/build_contexts/build_ctx_389433447/build/gen:/data/fwbuild-volumes/2.20.0/apps/captive-portal-wifi-web/esp8266/build_contexts/build_ctx_389433447/build/gen -v /data/fwbuild-volumes/2.20.0/apps/captive-portal-wifi-web/esp8266/build_contexts/build_ctx_389433447/deps/modules/mongoose-os:/mongoose-os -v /data/fwbuild-volumes/2.20.0/apps/captive-portal-wifi-web/esp8266/build_contexts/build_ctx_389433447/deps/modules/mongoose-os:/data/fwbuild-volumes/2.20.0/apps/captive-portal-wifi-web/esp8266/build_contexts/build_ctx_389433447/deps/modules/mongoose-os -v /data/fwbuild-volumes/2.20.0/apps/captive-portal-wifi-web/esp8266/build_contexts/build_ctx_389433447/deps/lwip/src/esp8266/sdk_lwip/include:/data/fwbuild-volumes/2.20.0/apps/captive-portal-wifi-web/esp8266/build_contexts/build_ctx_389433447/deps/lwip/src/esp8266/sdk_lwip/include -v /data/fwbuild-volumes/2.20.0/apps/captive-portal-wifi-web/esp8266/build_contexts/build_ctx_389433447/deps/rpc-common/include:/data/fwbuild-volumes/2.20.0/apps/captive-portal-wifi-web/esp8266/build_contexts/build_ctx_389433447/deps/rpc-common/include -v /data/fwbuild-volumes/2.20.0/apps/captive-portal-wifi-web/esp8266/build_contexts/build_ctx_389433447/deps/vfs-fs-lfs/littlefs1:/data/fwbuild-volumes/2.20.0/apps/captive-portal-wifi-web/esp8266/build_contexts/build_ctx_389433447/deps/vfs-fs-lfs/littlefs1 -v /data/fwbuild-volumes/2.20.0/apps/captive-portal-wifi-web/esp8266/build_contexts/build_ctx_389433447/deps/mbedtls/include:/data/fwbuild-volumes/2.20.0/apps/captive-portal-wifi-web/esp8266/build_contexts/build_ctx_389433447/deps/mbedtls/include -v /data/fwbuild-volumes/2.20.0/apps/captive-portal-wifi-web/esp8266/build_contexts/build_ctx_389433447/deps/mbedtls/include/esp8266:/data/fwbuild-volumes/2.20.0/apps/captive-portal-wifi-web/esp8266/build_contexts/build_ctx_389433447/deps/mbedtls/include/esp8266 -v /data/fwbuild-volumes/2.20.0/apps/captive-portal-wifi-web/esp8266/build_contexts/build_ctx_389433447/deps/modules/mbedtls/include:/data/fwbuild-volumes/2.20.0/apps/captive-portal-wifi-web/esp8266/build_contexts/build_ctx_389433447/deps/modules/mbedtls/include -v /data/fwbuild-volumes/2.20.0/apps/captive-portal-wifi-web/esp8266/build_contexts/build_ctx_389433447/deps/vfs-common/include/esp8266:/data/fwbuild-volumes/2.20.0/apps/captive-portal-wifi-web/esp8266/build_contexts/build_ctx_389433447/deps/vfs-common/include/esp8266 -v /data/fwbuild-volumes/2.20.0/apps/captive-portal-wifi-web/esp8266/build_contexts/build_ctx_389433447/deps/captive-portal-wifi-rpc/include:/data/fwbuild-volumes/2.20.0/apps/captive-portal-wifi-web/esp8266/build_contexts/build_ctx_389433447/deps/captive-portal-wifi-rpc/include -v /data/fwbuild-volumes/2.20.0/apps/captive-portal-wifi-web/esp8266/build_contexts/build_ctx_389433447/deps/captive-portal-wifi-setup/include:/data/fwbuild-volumes/2.20.0/apps/captive-portal-wifi-web/esp8266/build_contexts/build_ctx_389433447/deps/captive-portal-wifi-setup/include -v /data/fwbuild-volumes/2.20.0/apps/captive-portal-wifi-web/esp8266/build_contexts/build_ctx_389433447/deps/mongoose/include:/data/fwbuild-volumes/2.20.0/apps/captive-portal-wifi-web/esp8266/build_contexts/build_ctx_389433447/deps/mongoose/include -v /data/fwbuild-volumes/2.20.0/apps/captive-portal-wifi-web/esp8266/build_contexts/build_ctx_389433447/deps/vfs-fs-lfs/include:/data/fwbuild-volumes/2.20.0/apps/captive-portal-wifi-web/esp8266/build_contexts/build_ctx_389433447/deps/vfs-fs-lfs/include -v /data/fwbuild-volumes/2.20.0/apps/captive-portal-wifi-web/esp8266/build_contexts/build_ctx_389433447/deps/vfs-fs-spiffs/include:/data/fwbuild-volumes/2.20.0/apps/captive-portal-wifi-web/esp8266/build_contexts/build_ctx_389433447/deps/vfs-fs-spiffs/include -v /data/fwbuild-volumes/2.20.0/apps/captive-portal-wifi-web/esp8266/build_contexts/build_ctx_389433447/deps/core/include:/data/fwbuild-volumes/2.20.0/apps/captive-portal-wifi-web/esp8266/build_contexts/build_ctx_389433447/deps/core/include --user 0:0 docker.io/mgos/esp8266-build:3.0.5_b57142b8-r1 /bin/bash -c nice make '-j' '8' '-C' '/app' '-f' '/data/fwbuild-volumes/2.20.0/apps/captive-portal-wifi-web/esp8266/build_contexts/build_ctx_389433447/deps/modules/mongoose-os/platforms/esp8266/Makefile.build' '/data/fwbuild-volumes/2.20.0/apps/captive-portal-wifi-web/esp8266/build_contexts/build_ctx_389433447/build/objs/lib.a' 'MGOS_VARS_FILE=/data/fwbuild-volumes/2.20.0/apps/captive-portal-wifi-web/esp8266/build_contexts/build_ctx_389433447/build/gen/vars.mk'
make: Entering directory '/app'
  MKDIR /data/fwbuild-volumes/2.20.0/apps/captive-portal-wifi-web/esp8266/build_contexts/build_ctx_389433447/build/objs
  AR    /data/fwbuild-volumes/2.20.0/apps/captive-portal-wifi-web/esp8266/build_contexts/build_ctx_389433447/build/objs/lib.a
/opt/Espressif/xtensa-lx106-elf/bin/xtensa-lx106-elf-ar cru /data/fwbuild-volumes/2.20.0/apps/captive-portal-wifi-web/esp8266/build_contexts/build_ctx_389433447/build/objs/lib.a 
make: Leaving directory '/app'
Lib saved to build/lib.a
